CRITICAL - 2022-06-30 11:50:19 --> Invalid file: /Proyectos/start_aside_proyect.php
#0 C:\xampp\htdocs\inventario_desarrollo-main\system\View\View.php(198): CodeIgniter\Exceptions\FrameworkException::forInvalidFile('/Proyectos/star...')
#1 C:\xampp\htdocs\inventario_desarrollo-main\system\Common.php(1089): CodeIgniter\View\View->render('/Proyectos/star...', Array, true)
#2 C:\xampp\htdocs\inventario_desarrollo-main\app\Controllers\proyectoController.php(10): view('/Proyectos/star...')
#3 C:\xampp\htdocs\inventario_desarrollo-main\system\CodeIgniter.php(832): App\Controllers\proyectoController->proyectos()
#4 C:\xampp\htdocs\inventario_desarrollo-main\system\CodeIgniter.php(419): CodeIgniter\CodeIgniter->runController(Object(App\Controllers\proyectoController))
#5 C:\xampp\htdocs\inventario_desarrollo-main\system\CodeIgniter.php(326): CodeIgniter\CodeIgniter->handleRequest(NULL, Object(Config\Cache), false)
#6 C:\xampp\htdocs\inventario_desarrollo-main\index.php(37): CodeIgniter\CodeIgniter->run()
#7 {main}
CRITICAL - 2022-06-30 11:50:23 --> Invalid file: /Herramientas/start_aside_herramient.php
#0 C:\xampp\htdocs\inventario_desarrollo-main\system\View\View.php(198): CodeIgniter\Exceptions\FrameworkException::forInvalidFile('/Herramientas/s...')
#1 C:\xampp\htdocs\inventario_desarrollo-main\system\Common.php(1089): CodeIgniter\View\View->render('/Herramientas/s...', Array, true)
#2 C:\xampp\htdocs\inventario_desarrollo-main\app\Controllers\herramientasController.php(10): view('/Herramientas/s...')
#3 C:\xampp\htdocs\inventario_desarrollo-main\system\CodeIgniter.php(832): App\Controllers\herramientasController->herramientas()
#4 C:\xampp\htdocs\inventario_desarrollo-main\system\CodeIgniter.php(419): CodeIgniter\CodeIgniter->runController(Object(App\Controllers\herramientasController))
#5 C:\xampp\htdocs\inventario_desarrollo-main\system\CodeIgniter.php(326): CodeIgniter\CodeIgniter->handleRequest(NULL, Object(Config\Cache), false)
#6 C:\xampp\htdocs\inventario_desarrollo-main\index.php(37): CodeIgniter\CodeIgniter->run()
#7 {main}
CRITICAL - 2022-06-30 11:50:39 --> Invalid file: /Proyectos/start_aside_proyect.php
#0 C:\xampp\htdocs\inventario_desarrollo-main\system\View\View.php(198): CodeIgniter\Exceptions\FrameworkException::forInvalidFile('/Proyectos/star...')
#1 C:\xampp\htdocs\inventario_desarrollo-main\system\Common.php(1089): CodeIgniter\View\View->render('/Proyectos/star...', Array, true)
#2 C:\xampp\htdocs\inventario_desarrollo-main\app\Controllers\proyectoController.php(10): view('/Proyectos/star...')
#3 C:\xampp\htdocs\inventario_desarrollo-main\system\CodeIgniter.php(832): App\Controllers\proyectoController->proyectos()
#4 C:\xampp\htdocs\inventario_desarrollo-main\system\CodeIgniter.php(419): CodeIgniter\CodeIgniter->runController(Object(App\Controllers\proyectoController))
#5 C:\xampp\htdocs\inventario_desarrollo-main\system\CodeIgniter.php(326): CodeIgniter\CodeIgniter->handleRequest(NULL, Object(Config\Cache), false)
#6 C:\xampp\htdocs\inventario_desarrollo-main\index.php(37): CodeIgniter\CodeIgniter->run()
#7 {main}
CRITICAL - 2022-06-30 11:51:57 --> Invalid file: /Proyectos/start_aside.php
#0 C:\xampp\htdocs\inventario_desarrollo-main\system\View\View.php(198): CodeIgniter\Exceptions\FrameworkException::forInvalidFile('/Proyectos/star...')
#1 C:\xampp\htdocs\inventario_desarrollo-main\system\Common.php(1089): CodeIgniter\View\View->render('/Proyectos/star...', Array, true)
#2 C:\xampp\htdocs\inventario_desarrollo-main\app\Controllers\proyectoController.php(10): view('/Proyectos/star...')
#3 C:\xampp\htdocs\inventario_desarrollo-main\system\CodeIgniter.php(832): App\Controllers\proyectoController->proyectos()
#4 C:\xampp\htdocs\inventario_desarrollo-main\system\CodeIgniter.php(419): CodeIgniter\CodeIgniter->runController(Object(App\Controllers\proyectoController))
#5 C:\xampp\htdocs\inventario_desarrollo-main\system\CodeIgniter.php(326): CodeIgniter\CodeIgniter->handleRequest(NULL, Object(Config\Cache), false)
#6 C:\xampp\htdocs\inventario_desarrollo-main\index.php(37): CodeIgniter\CodeIgniter->run()
#7 {main}
CRITICAL - 2022-06-30 11:53:43 --> Invalid file: /Proyectos/start_aside.php
#0 C:\xampp\htdocs\inventario_desarrollo-main\system\View\View.php(198): CodeIgniter\Exceptions\FrameworkException::forInvalidFile('/Proyectos/star...')
#1 C:\xampp\htdocs\inventario_desarrollo-main\system\Common.php(1089): CodeIgniter\View\View->render('/Proyectos/star...', Array, true)
#2 C:\xampp\htdocs\inventario_desarrollo-main\app\Controllers\proyectoController.php(10): view('/Proyectos/star...')
#3 C:\xampp\htdocs\inventario_desarrollo-main\system\CodeIgniter.php(832): App\Controllers\proyectoController->proyectos()
#4 C:\xampp\htdocs\inventario_desarrollo-main\system\CodeIgniter.php(419): CodeIgniter\CodeIgniter->runController(Object(App\Controllers\proyectoController))
#5 C:\xampp\htdocs\inventario_desarrollo-main\system\CodeIgniter.php(326): CodeIgniter\CodeIgniter->handleRequest(NULL, Object(Config\Cache), false)
#6 C:\xampp\htdocs\inventario_desarrollo-main\index.php(37): CodeIgniter\CodeIgniter->run()
#7 {main}
CRITICAL - 2022-06-30 11:55:59 --> Invalid file: /Proyectos/start_aside.php
#0 C:\xampp\htdocs\inventario_desarrollo-main\system\View\View.php(198): CodeIgniter\Exceptions\FrameworkException::forInvalidFile('/Proyectos/star...')
#1 C:\xampp\htdocs\inventario_desarrollo-main\system\Common.php(1089): CodeIgniter\View\View->render('/Proyectos/star...', Array, true)
#2 C:\xampp\htdocs\inventario_desarrollo-main\app\Controllers\proyectoController.php(10): view('/Proyectos/star...')
#3 C:\xampp\htdocs\inventario_desarrollo-main\system\CodeIgniter.php(832): App\Controllers\proyectoController->proyectos()
#4 C:\xampp\htdocs\inventario_desarrollo-main\system\CodeIgniter.php(419): CodeIgniter\CodeIgniter->runController(Object(App\Controllers\proyectoController))
#5 C:\xampp\htdocs\inventario_desarrollo-main\system\CodeIgniter.php(326): CodeIgniter\CodeIgniter->handleRequest(NULL, Object(Config\Cache), false)
#6 C:\xampp\htdocs\inventario_desarrollo-main\index.php(37): CodeIgniter\CodeIgniter->run()
#7 {main}
CRITICAL - 2022-06-30 11:56:49 --> Invalid file: /Proyectos/end_aside.php
#0 C:\xampp\htdocs\inventario_desarrollo-main\system\View\View.php(198): CodeIgniter\Exceptions\FrameworkException::forInvalidFile('/Proyectos/end_...')
#1 C:\xampp\htdocs\inventario_desarrollo-main\system\Common.php(1089): CodeIgniter\View\View->render('/Proyectos/end_...', Array, true)
#2 C:\xampp\htdocs\inventario_desarrollo-main\app\Controllers\proyectoController.php(14): view('/Proyectos/end_...')
#3 C:\xampp\htdocs\inventario_desarrollo-main\system\CodeIgniter.php(832): App\Controllers\proyectoController->proyectos()
#4 C:\xampp\htdocs\inventario_desarrollo-main\system\CodeIgniter.php(419): CodeIgniter\CodeIgniter->runController(Object(App\Controllers\proyectoController))
#5 C:\xampp\htdocs\inventario_desarrollo-main\system\CodeIgniter.php(326): CodeIgniter\CodeIgniter->handleRequest(NULL, Object(Config\Cache), false)
#6 C:\xampp\htdocs\inventario_desarrollo-main\index.php(37): CodeIgniter\CodeIgniter->run()
#7 {main}
CRITICAL - 2022-06-30 12:29:35 --> Invalid file: /Herramientas/start_aside_herramient.php
#0 C:\xampp\htdocs\inventario_desarrollo-main\system\View\View.php(198): CodeIgniter\Exceptions\FrameworkException::forInvalidFile('/Herramientas/s...')
#1 C:\xampp\htdocs\inventario_desarrollo-main\system\Common.php(1089): CodeIgniter\View\View->render('/Herramientas/s...', Array, true)
#2 C:\xampp\htdocs\inventario_desarrollo-main\app\Controllers\herramientasController.php(10): view('/Herramientas/s...')
#3 C:\xampp\htdocs\inventario_desarrollo-main\system\CodeIgniter.php(832): App\Controllers\herramientasController->herramientas()
#4 C:\xampp\htdocs\inventario_desarrollo-main\system\CodeIgniter.php(419): CodeIgniter\CodeIgniter->runController(Object(App\Controllers\herramientasController))
#5 C:\xampp\htdocs\inventario_desarrollo-main\system\CodeIgniter.php(326): CodeIgniter\CodeIgniter->handleRequest(NULL, Object(Config\Cache), false)
#6 C:\xampp\htdocs\inventario_desarrollo-main\index.php(37): CodeIgniter\CodeIgniter->run()
#7 {main}
CRITICAL - 2022-06-30 12:30:00 --> Invalid file: /Productos/start_aside_herramient.php
#0 C:\xampp\htdocs\inventario_desarrollo-main\system\View\View.php(198): CodeIgniter\Exceptions\FrameworkException::forInvalidFile('/Productos/star...')
#1 C:\xampp\htdocs\inventario_desarrollo-main\system\Common.php(1089): CodeIgniter\View\View->render('/Productos/star...', Array, true)
#2 C:\xampp\htdocs\inventario_desarrollo-main\app\Controllers\herramientasController.php(10): view('/Productos/star...')
#3 C:\xampp\htdocs\inventario_desarrollo-main\system\CodeIgniter.php(832): App\Controllers\herramientasController->herramientas()
#4 C:\xampp\htdocs\inventario_desarrollo-main\system\CodeIgniter.php(419): CodeIgniter\CodeIgniter->runController(Object(App\Controllers\herramientasController))
#5 C:\xampp\htdocs\inventario_desarrollo-main\system\CodeIgniter.php(326): CodeIgniter\CodeIgniter->handleRequest(NULL, Object(Config\Cache), false)
#6 C:\xampp\htdocs\inventario_desarrollo-main\index.php(37): CodeIgniter\CodeIgniter->run()
#7 {main}
CRITICAL - 2022-06-30 12:30:01 --> Invalid file: /Productos/start_aside_herramient.php
#0 C:\xampp\htdocs\inventario_desarrollo-main\system\View\View.php(198): CodeIgniter\Exceptions\FrameworkException::forInvalidFile('/Productos/star...')
#1 C:\xampp\htdocs\inventario_desarrollo-main\system\Common.php(1089): CodeIgniter\View\View->render('/Productos/star...', Array, true)
#2 C:\xampp\htdocs\inventario_desarrollo-main\app\Controllers\herramientasController.php(10): view('/Productos/star...')
#3 C:\xampp\htdocs\inventario_desarrollo-main\system\CodeIgniter.php(832): App\Controllers\herramientasController->herramientas()
#4 C:\xampp\htdocs\inventario_desarrollo-main\system\CodeIgniter.php(419): CodeIgniter\CodeIgniter->runController(Object(App\Controllers\herramientasController))
#5 C:\xampp\htdocs\inventario_desarrollo-main\system\CodeIgniter.php(326): CodeIgniter\CodeIgniter->handleRequest(NULL, Object(Config\Cache), false)
#6 C:\xampp\htdocs\inventario_desarrollo-main\index.php(37): CodeIgniter\CodeIgniter->run()
#7 {main}
CRITICAL - 2022-06-30 12:31:21 --> Invalid file: /Productos/start_aside.php
#0 C:\xampp\htdocs\inventario_desarrollo-main\system\View\View.php(198): CodeIgniter\Exceptions\FrameworkException::forInvalidFile('/Productos/star...')
#1 C:\xampp\htdocs\inventario_desarrollo-main\system\Common.php(1089): CodeIgniter\View\View->render('/Productos/star...', Array, true)
#2 C:\xampp\htdocs\inventario_desarrollo-main\app\Controllers\productoController.php(17): view('/Productos/star...')
#3 C:\xampp\htdocs\inventario_desarrollo-main\system\CodeIgniter.php(832): App\Controllers\productoController->productos()
#4 C:\xampp\htdocs\inventario_desarrollo-main\system\CodeIgniter.php(419): CodeIgniter\CodeIgniter->runController(Object(App\Controllers\productoController))
#5 C:\xampp\htdocs\inventario_desarrollo-main\system\CodeIgniter.php(326): CodeIgniter\CodeIgniter->handleRequest(NULL, Object(Config\Cache), false)
#6 C:\xampp\htdocs\inventario_desarrollo-main\index.php(37): CodeIgniter\CodeIgniter->run()
#7 {main}
CRITICAL - 2022-06-30 12:32:27 --> Invalid file: /Productos/start_aside.php
#0 C:\xampp\htdocs\inventario_desarrollo-main\system\View\View.php(198): CodeIgniter\Exceptions\FrameworkException::forInvalidFile('/Productos/star...')
#1 C:\xampp\htdocs\inventario_desarrollo-main\system\Common.php(1089): CodeIgniter\View\View->render('/Productos/star...', Array, true)
#2 C:\xampp\htdocs\inventario_desarrollo-main\app\Controllers\productoController.php(17): view('/Productos/star...')
#3 C:\xampp\htdocs\inventario_desarrollo-main\system\CodeIgniter.php(832): App\Controllers\productoController->productos()
#4 C:\xampp\htdocs\inventario_desarrollo-main\system\CodeIgniter.php(419): CodeIgniter\CodeIgniter->runController(Object(App\Controllers\productoController))
#5 C:\xampp\htdocs\inventario_desarrollo-main\system\CodeIgniter.php(326): CodeIgniter\CodeIgniter->handleRequest(NULL, Object(Config\Cache), false)
#6 C:\xampp\htdocs\inventario_desarrollo-main\index.php(37): CodeIgniter\CodeIgniter->run()
#7 {main}
CRITICAL - 2022-06-30 12:33:16 --> Invalid file: /Productos/start_aside.php
#0 C:\xampp\htdocs\inventario_desarrollo-main\system\View\View.php(198): CodeIgniter\Exceptions\FrameworkException::forInvalidFile('/Productos/star...')
#1 C:\xampp\htdocs\inventario_desarrollo-main\system\Common.php(1089): CodeIgniter\View\View->render('/Productos/star...', Array, true)
#2 C:\xampp\htdocs\inventario_desarrollo-main\app\Controllers\proyectoController.php(10): view('/Productos/star...')
#3 C:\xampp\htdocs\inventario_desarrollo-main\system\CodeIgniter.php(832): App\Controllers\proyectoController->proyectos()
#4 C:\xampp\htdocs\inventario_desarrollo-main\system\CodeIgniter.php(419): CodeIgniter\CodeIgniter->runController(Object(App\Controllers\proyectoController))
#5 C:\xampp\htdocs\inventario_desarrollo-main\system\CodeIgniter.php(326): CodeIgniter\CodeIgniter->handleRequest(NULL, Object(Config\Cache), false)
#6 C:\xampp\htdocs\inventario_desarrollo-main\index.php(37): CodeIgniter\CodeIgniter->run()
#7 {main}
CRITICAL - 2022-06-30 12:33:54 --> Invalid file: /Productos/start_aside.php
#0 C:\xampp\htdocs\inventario_desarrollo-main\system\View\View.php(198): CodeIgniter\Exceptions\FrameworkException::forInvalidFile('/Productos/star...')
#1 C:\xampp\htdocs\inventario_desarrollo-main\system\Common.php(1089): CodeIgniter\View\View->render('/Productos/star...', Array, true)
#2 C:\xampp\htdocs\inventario_desarrollo-main\app\Controllers\herramientasController.php(10): view('/Productos/star...')
#3 C:\xampp\htdocs\inventario_desarrollo-main\system\CodeIgniter.php(832): App\Controllers\herramientasController->herramientas()
#4 C:\xampp\htdocs\inventario_desarrollo-main\system\CodeIgniter.php(419): CodeIgniter\CodeIgniter->runController(Object(App\Controllers\herramientasController))
#5 C:\xampp\htdocs\inventario_desarrollo-main\system\CodeIgniter.php(326): CodeIgniter\CodeIgniter->handleRequest(NULL, Object(Config\Cache), false)
#6 C:\xampp\htdocs\inventario_desarrollo-main\index.php(37): CodeIgniter\CodeIgniter->run()
#7 {main}
