CRITICAL - 2022-07-12 00:10:31 --> syntax error, unexpected '<<' (T_SL)
#0 C:\Xamp\htdocs\Inventario\system\Autoloader\Autoloader.php(241): CodeIgniter\Autoloader\Autoloader->includeFile('C:\\Xamp\\htdocs\\...')
#1 C:\Xamp\htdocs\Inventario\system\Autoloader\Autoloader.php(219): CodeIgniter\Autoloader\Autoloader->loadInNamespace('App\\Controllers...')
#2 [internal function]: CodeIgniter\Autoloader\Autoloader->loadClass('App\\Controllers...')
#3 [internal function]: spl_autoload_call('App\\Controllers...')
#4 C:\Xamp\htdocs\Inventario\system\CodeIgniter.php(797): class_exists('\\App\\Controller...', true)
#5 C:\Xamp\htdocs\Inventario\system\CodeIgniter.php(406): CodeIgniter\CodeIgniter->startController()
#6 C:\Xamp\htdocs\Inventario\system\CodeIgniter.php(326): CodeIgniter\CodeIgniter->handleRequest(NULL, Object(Config\Cache), false)
#7 C:\Xamp\htdocs\Inventario\index.php(37): CodeIgniter\CodeIgniter->run()
#8 {main}
CRITICAL - 2022-07-12 00:10:42 --> syntax error, unexpected '<<' (T_SL)
#0 C:\Xamp\htdocs\Inventario\system\Autoloader\Autoloader.php(241): CodeIgniter\Autoloader\Autoloader->includeFile('C:\\Xamp\\htdocs\\...')
#1 C:\Xamp\htdocs\Inventario\system\Autoloader\Autoloader.php(219): CodeIgniter\Autoloader\Autoloader->loadInNamespace('App\\Controllers...')
#2 [internal function]: CodeIgniter\Autoloader\Autoloader->loadClass('App\\Controllers...')
#3 [internal function]: spl_autoload_call('App\\Controllers...')
#4 C:\Xamp\htdocs\Inventario\system\CodeIgniter.php(797): class_exists('\\App\\Controller...', true)
#5 C:\Xamp\htdocs\Inventario\system\CodeIgniter.php(406): CodeIgniter\CodeIgniter->startController()
#6 C:\Xamp\htdocs\Inventario\system\CodeIgniter.php(326): CodeIgniter\CodeIgniter->handleRequest(NULL, Object(Config\Cache), false)
#7 C:\Xamp\htdocs\Inventario\index.php(37): CodeIgniter\CodeIgniter->run()
#8 {main}
CRITICAL - 2022-07-12 00:14:27 --> syntax error, unexpected '<<' (T_SL)
#0 C:\Xamp\htdocs\Inventario\system\Autoloader\Autoloader.php(241): CodeIgniter\Autoloader\Autoloader->includeFile('C:\\Xamp\\htdocs\\...')
#1 C:\Xamp\htdocs\Inventario\system\Autoloader\Autoloader.php(219): CodeIgniter\Autoloader\Autoloader->loadInNamespace('App\\Controllers...')
#2 [internal function]: CodeIgniter\Autoloader\Autoloader->loadClass('App\\Controllers...')
#3 [internal function]: spl_autoload_call('App\\Controllers...')
#4 C:\Xamp\htdocs\Inventario\system\CodeIgniter.php(797): class_exists('\\App\\Controller...', true)
#5 C:\Xamp\htdocs\Inventario\system\CodeIgniter.php(406): CodeIgniter\CodeIgniter->startController()
#6 C:\Xamp\htdocs\Inventario\system\CodeIgniter.php(326): CodeIgniter\CodeIgniter->handleRequest(NULL, Object(Config\Cache), false)
#7 C:\Xamp\htdocs\Inventario\index.php(37): CodeIgniter\CodeIgniter->run()
#8 {main}
CRITICAL - 2022-07-12 00:15:00 --> syntax error, unexpected '<<' (T_SL)
#0 C:\Xamp\htdocs\Inventario\system\Autoloader\Autoloader.php(241): CodeIgniter\Autoloader\Autoloader->includeFile('C:\\Xamp\\htdocs\\...')
#1 C:\Xamp\htdocs\Inventario\system\Autoloader\Autoloader.php(219): CodeIgniter\Autoloader\Autoloader->loadInNamespace('App\\Controllers...')
#2 [internal function]: CodeIgniter\Autoloader\Autoloader->loadClass('App\\Controllers...')
#3 [internal function]: spl_autoload_call('App\\Controllers...')
#4 C:\Xamp\htdocs\Inventario\system\CodeIgniter.php(797): class_exists('\\App\\Controller...', true)
#5 C:\Xamp\htdocs\Inventario\system\CodeIgniter.php(406): CodeIgniter\CodeIgniter->startController()
#6 C:\Xamp\htdocs\Inventario\system\CodeIgniter.php(326): CodeIgniter\CodeIgniter->handleRequest(NULL, Object(Config\Cache), false)
#7 C:\Xamp\htdocs\Inventario\index.php(37): CodeIgniter\CodeIgniter->run()
#8 {main}
CRITICAL - 2022-07-12 00:15:07 --> syntax error, unexpected '<<' (T_SL)
#0 C:\Xamp\htdocs\Inventario\system\Autoloader\Autoloader.php(241): CodeIgniter\Autoloader\Autoloader->includeFile('C:\\Xamp\\htdocs\\...')
#1 C:\Xamp\htdocs\Inventario\system\Autoloader\Autoloader.php(219): CodeIgniter\Autoloader\Autoloader->loadInNamespace('App\\Controllers...')
#2 [internal function]: CodeIgniter\Autoloader\Autoloader->loadClass('App\\Controllers...')
#3 [internal function]: spl_autoload_call('App\\Controllers...')
#4 C:\Xamp\htdocs\Inventario\system\CodeIgniter.php(797): class_exists('\\App\\Controller...', true)
#5 C:\Xamp\htdocs\Inventario\system\CodeIgniter.php(406): CodeIgniter\CodeIgniter->startController()
#6 C:\Xamp\htdocs\Inventario\system\CodeIgniter.php(326): CodeIgniter\CodeIgniter->handleRequest(NULL, Object(Config\Cache), false)
#7 C:\Xamp\htdocs\Inventario\index.php(37): CodeIgniter\CodeIgniter->run()
#8 {main}
ERROR - 2022-07-12 00:35:27 --> Unknown column 'proyecto.deleted_at' in 'where clause'
CRITICAL - 2022-07-12 00:35:27 --> Unknown column 'proyecto.deleted_at' in 'where clause'
#0 C:\Xamp\htdocs\Inventario\system\Database\MySQLi\Connection.php(292): mysqli->query('SELECT *\nFROM `...', 0)
#1 C:\Xamp\htdocs\Inventario\system\Database\BaseConnection.php(670): CodeIgniter\Database\MySQLi\Connection->execute('SELECT *\nFROM `...')
#2 C:\Xamp\htdocs\Inventario\system\Database\BaseConnection.php(598): CodeIgniter\Database\BaseConnection->simpleQuery('SELECT *\nFROM `...')
#3 C:\Xamp\htdocs\Inventario\system\Database\BaseBuilder.php(1455): CodeIgniter\Database\BaseConnection->query('SELECT *\nFROM `...', Array, false)
#4 C:\Xamp\htdocs\Inventario\system\Model.php(183): CodeIgniter\Database\BaseBuilder->get()
#5 C:\Xamp\htdocs\Inventario\system\BaseModel.php(584): CodeIgniter\Model->doFindAll(0, 0)
#6 C:\Xamp\htdocs\Inventario\app\Controllers\proyectoController.php(11): CodeIgniter\BaseModel->findAll()
#7 C:\Xamp\htdocs\Inventario\system\CodeIgniter.php(832): App\Controllers\proyectoController->proyectos()
#8 C:\Xamp\htdocs\Inventario\system\CodeIgniter.php(419): CodeIgniter\CodeIgniter->runController(Object(App\Controllers\proyectoController))
#9 C:\Xamp\htdocs\Inventario\system\CodeIgniter.php(326): CodeIgniter\CodeIgniter->handleRequest(NULL, Object(Config\Cache), false)
#10 C:\Xamp\htdocs\Inventario\index.php(37): CodeIgniter\CodeIgniter->run()
#11 {main}
ERROR - 2022-07-12 00:35:29 --> Unknown column 'proyecto.deleted_at' in 'where clause'
CRITICAL - 2022-07-12 00:35:29 --> Unknown column 'proyecto.deleted_at' in 'where clause'
#0 C:\Xamp\htdocs\Inventario\system\Database\MySQLi\Connection.php(292): mysqli->query('SELECT *\nFROM `...', 0)
#1 C:\Xamp\htdocs\Inventario\system\Database\BaseConnection.php(670): CodeIgniter\Database\MySQLi\Connection->execute('SELECT *\nFROM `...')
#2 C:\Xamp\htdocs\Inventario\system\Database\BaseConnection.php(598): CodeIgniter\Database\BaseConnection->simpleQuery('SELECT *\nFROM `...')
#3 C:\Xamp\htdocs\Inventario\system\Database\BaseBuilder.php(1455): CodeIgniter\Database\BaseConnection->query('SELECT *\nFROM `...', Array, false)
#4 C:\Xamp\htdocs\Inventario\system\Model.php(183): CodeIgniter\Database\BaseBuilder->get()
#5 C:\Xamp\htdocs\Inventario\system\BaseModel.php(584): CodeIgniter\Model->doFindAll(0, 0)
#6 C:\Xamp\htdocs\Inventario\app\Controllers\proyectoController.php(11): CodeIgniter\BaseModel->findAll()
#7 C:\Xamp\htdocs\Inventario\system\CodeIgniter.php(832): App\Controllers\proyectoController->proyectos()
#8 C:\Xamp\htdocs\Inventario\system\CodeIgniter.php(419): CodeIgniter\CodeIgniter->runController(Object(App\Controllers\proyectoController))
#9 C:\Xamp\htdocs\Inventario\system\CodeIgniter.php(326): CodeIgniter\CodeIgniter->handleRequest(NULL, Object(Config\Cache), false)
#10 C:\Xamp\htdocs\Inventario\index.php(37): CodeIgniter\CodeIgniter->run()
#11 {main}
ERROR - 2022-07-12 00:35:33 --> Unknown column 'proyecto.deleted_at' in 'where clause'
CRITICAL - 2022-07-12 00:35:33 --> Unknown column 'proyecto.deleted_at' in 'where clause'
#0 C:\Xamp\htdocs\Inventario\system\Database\MySQLi\Connection.php(292): mysqli->query('SELECT *\nFROM `...', 0)
#1 C:\Xamp\htdocs\Inventario\system\Database\BaseConnection.php(670): CodeIgniter\Database\MySQLi\Connection->execute('SELECT *\nFROM `...')
#2 C:\Xamp\htdocs\Inventario\system\Database\BaseConnection.php(598): CodeIgniter\Database\BaseConnection->simpleQuery('SELECT *\nFROM `...')
#3 C:\Xamp\htdocs\Inventario\system\Database\BaseBuilder.php(1455): CodeIgniter\Database\BaseConnection->query('SELECT *\nFROM `...', Array, false)
#4 C:\Xamp\htdocs\Inventario\system\Model.php(183): CodeIgniter\Database\BaseBuilder->get()
#5 C:\Xamp\htdocs\Inventario\system\BaseModel.php(584): CodeIgniter\Model->doFindAll(0, 0)
#6 C:\Xamp\htdocs\Inventario\app\Controllers\proyectoController.php(11): CodeIgniter\BaseModel->findAll()
#7 C:\Xamp\htdocs\Inventario\system\CodeIgniter.php(832): App\Controllers\proyectoController->proyectos()
#8 C:\Xamp\htdocs\Inventario\system\CodeIgniter.php(419): CodeIgniter\CodeIgniter->runController(Object(App\Controllers\proyectoController))
#9 C:\Xamp\htdocs\Inventario\system\CodeIgniter.php(326): CodeIgniter\CodeIgniter->handleRequest(NULL, Object(Config\Cache), false)
#10 C:\Xamp\htdocs\Inventario\index.php(37): CodeIgniter\CodeIgniter->run()
#11 {main}
ERROR - 2022-07-12 00:38:23 --> Unknown column 'proyecto.deleted_at' in 'where clause'
CRITICAL - 2022-07-12 00:38:23 --> Unknown column 'proyecto.deleted_at' in 'where clause'
#0 C:\Xamp\htdocs\Inventario\system\Database\MySQLi\Connection.php(292): mysqli->query('SELECT *\nFROM `...', 0)
#1 C:\Xamp\htdocs\Inventario\system\Database\BaseConnection.php(670): CodeIgniter\Database\MySQLi\Connection->execute('SELECT *\nFROM `...')
#2 C:\Xamp\htdocs\Inventario\system\Database\BaseConnection.php(598): CodeIgniter\Database\BaseConnection->simpleQuery('SELECT *\nFROM `...')
#3 C:\Xamp\htdocs\Inventario\system\Database\BaseBuilder.php(1455): CodeIgniter\Database\BaseConnection->query('SELECT *\nFROM `...', Array, false)
#4 C:\Xamp\htdocs\Inventario\system\Model.php(183): CodeIgniter\Database\BaseBuilder->get()
#5 C:\Xamp\htdocs\Inventario\system\BaseModel.php(584): CodeIgniter\Model->doFindAll(0, 0)
#6 C:\Xamp\htdocs\Inventario\app\Controllers\proyectoController.php(11): CodeIgniter\BaseModel->findAll()
#7 C:\Xamp\htdocs\Inventario\system\CodeIgniter.php(832): App\Controllers\proyectoController->proyectos()
#8 C:\Xamp\htdocs\Inventario\system\CodeIgniter.php(419): CodeIgniter\CodeIgniter->runController(Object(App\Controllers\proyectoController))
#9 C:\Xamp\htdocs\Inventario\system\CodeIgniter.php(326): CodeIgniter\CodeIgniter->handleRequest(NULL, Object(Config\Cache), false)
#10 C:\Xamp\htdocs\Inventario\index.php(37): CodeIgniter\CodeIgniter->run()
#11 {main}
CRITICAL - 2022-07-12 00:38:31 --> Undefined variable: proyecto
#0 C:\Xamp\htdocs\Inventario\app\Views\Proyectos\crud_proyectos.php(23): CodeIgniter\Debug\Exceptions->errorHandler(8, 'Undefined varia...', 'C:\\Xamp\\htdocs\\...', 23, Array)
#1 C:\Xamp\htdocs\Inventario\system\View\View.php(210): include('C:\\Xamp\\htdocs\\...')
#2 C:\Xamp\htdocs\Inventario\system\View\View.php(213): CodeIgniter\View\View->CodeIgniter\View\{closure}()
#3 C:\Xamp\htdocs\Inventario\system\Common.php(1089): CodeIgniter\View\View->render('Proyectos/crud_...', Array, true)
#4 C:\Xamp\htdocs\Inventario\app\Controllers\proyectoController.php(18): view('Proyectos/crud_...', Array)
#5 C:\Xamp\htdocs\Inventario\system\CodeIgniter.php(832): App\Controllers\proyectoController->proyectos()
#6 C:\Xamp\htdocs\Inventario\system\CodeIgniter.php(419): CodeIgniter\CodeIgniter->runController(Object(App\Controllers\proyectoController))
#7 C:\Xamp\htdocs\Inventario\system\CodeIgniter.php(326): CodeIgniter\CodeIgniter->handleRequest(NULL, Object(Config\Cache), false)
#8 C:\Xamp\htdocs\Inventario\index.php(37): CodeIgniter\CodeIgniter->run()
#9 {main}
CRITICAL - 2022-07-12 00:38:33 --> Undefined variable: proyecto
#0 C:\Xamp\htdocs\Inventario\app\Views\Proyectos\crud_proyectos.php(23): CodeIgniter\Debug\Exceptions->errorHandler(8, 'Undefined varia...', 'C:\\Xamp\\htdocs\\...', 23, Array)
#1 C:\Xamp\htdocs\Inventario\system\View\View.php(210): include('C:\\Xamp\\htdocs\\...')
#2 C:\Xamp\htdocs\Inventario\system\View\View.php(213): CodeIgniter\View\View->CodeIgniter\View\{closure}()
#3 C:\Xamp\htdocs\Inventario\system\Common.php(1089): CodeIgniter\View\View->render('Proyectos/crud_...', Array, true)
#4 C:\Xamp\htdocs\Inventario\app\Controllers\proyectoController.php(18): view('Proyectos/crud_...', Array)
#5 C:\Xamp\htdocs\Inventario\system\CodeIgniter.php(832): App\Controllers\proyectoController->proyectos()
#6 C:\Xamp\htdocs\Inventario\system\CodeIgniter.php(419): CodeIgniter\CodeIgniter->runController(Object(App\Controllers\proyectoController))
#7 C:\Xamp\htdocs\Inventario\system\CodeIgniter.php(326): CodeIgniter\CodeIgniter->handleRequest(NULL, Object(Config\Cache), false)
#8 C:\Xamp\htdocs\Inventario\index.php(37): CodeIgniter\CodeIgniter->run()
#9 {main}
CRITICAL - 2022-07-12 00:39:32 --> Undefined variable: proyecto
#0 C:\Xamp\htdocs\Inventario\app\Views\Proyectos\crud_proyectos.php(23): CodeIgniter\Debug\Exceptions->errorHandler(8, 'Undefined varia...', 'C:\\Xamp\\htdocs\\...', 23, Array)
#1 C:\Xamp\htdocs\Inventario\system\View\View.php(210): include('C:\\Xamp\\htdocs\\...')
#2 C:\Xamp\htdocs\Inventario\system\View\View.php(213): CodeIgniter\View\View->CodeIgniter\View\{closure}()
#3 C:\Xamp\htdocs\Inventario\system\Common.php(1089): CodeIgniter\View\View->render('Proyectos/crud_...', Array, true)
#4 C:\Xamp\htdocs\Inventario\app\Controllers\proyectoController.php(18): view('Proyectos/crud_...', Array)
#5 C:\Xamp\htdocs\Inventario\system\CodeIgniter.php(832): App\Controllers\proyectoController->proyectos()
#6 C:\Xamp\htdocs\Inventario\system\CodeIgniter.php(419): CodeIgniter\CodeIgniter->runController(Object(App\Controllers\proyectoController))
#7 C:\Xamp\htdocs\Inventario\system\CodeIgniter.php(326): CodeIgniter\CodeIgniter->handleRequest(NULL, Object(Config\Cache), false)
#8 C:\Xamp\htdocs\Inventario\index.php(37): CodeIgniter\CodeIgniter->run()
#9 {main}
CRITICAL - 2022-07-12 00:49:25 --> syntax error, unexpected 'endforeach' (T_ENDFOREACH), expecting end of file
#0 C:\Xamp\htdocs\Inventario\system\View\View.php(213): CodeIgniter\View\View->CodeIgniter\View\{closure}()
#1 C:\Xamp\htdocs\Inventario\system\Common.php(1089): CodeIgniter\View\View->render('Proyectos/crud_...', Array, true)
#2 C:\Xamp\htdocs\Inventario\app\Controllers\proyectoController.php(18): view('Proyectos/crud_...', Array)
#3 C:\Xamp\htdocs\Inventario\system\CodeIgniter.php(832): App\Controllers\proyectoController->proyectos()
#4 C:\Xamp\htdocs\Inventario\system\CodeIgniter.php(419): CodeIgniter\CodeIgniter->runController(Object(App\Controllers\proyectoController))
#5 C:\Xamp\htdocs\Inventario\system\CodeIgniter.php(326): CodeIgniter\CodeIgniter->handleRequest(NULL, Object(Config\Cache), false)
#6 C:\Xamp\htdocs\Inventario\index.php(37): CodeIgniter\CodeIgniter->run()
#7 {main}
ERROR - 2022-07-12 01:24:58 --> Column 'nombre_proyecto' cannot be null
CRITICAL - 2022-07-12 01:24:58 --> Column 'nombre_proyecto' cannot be null
#0 C:\Xamp\htdocs\Inventario\system\Database\MySQLi\Connection.php(292): mysqli->query('INSERT INTO `pr...', 0)
#1 C:\Xamp\htdocs\Inventario\system\Database\BaseConnection.php(670): CodeIgniter\Database\MySQLi\Connection->execute('INSERT INTO `pr...')
#2 C:\Xamp\htdocs\Inventario\system\Database\BaseConnection.php(598): CodeIgniter\Database\BaseConnection->simpleQuery('INSERT INTO `pr...')
#3 C:\Xamp\htdocs\Inventario\system\Database\BaseBuilder.php(1771): CodeIgniter\Database\BaseConnection->query('INSERT INTO `pr...', Array, false)
#4 C:\Xamp\htdocs\Inventario\system\Model.php(239): CodeIgniter\Database\BaseBuilder->insert()
#5 C:\Xamp\htdocs\Inventario\system\BaseModel.php(738): CodeIgniter\Model->doInsert(Array)
#6 C:\Xamp\htdocs\Inventario\system\Model.php(625): CodeIgniter\BaseModel->insert(Array, true)
#7 C:\Xamp\htdocs\Inventario\app\Controllers\proyectoController.php(41): CodeIgniter\Model->insert(Array)
#8 C:\Xamp\htdocs\Inventario\system\CodeIgniter.php(832): App\Controllers\proyectoController->guardar_proyecto()
#9 C:\Xamp\htdocs\Inventario\system\CodeIgniter.php(419): CodeIgniter\CodeIgniter->runController(Object(App\Controllers\proyectoController))
#10 C:\Xamp\htdocs\Inventario\system\CodeIgniter.php(326): CodeIgniter\CodeIgniter->handleRequest(NULL, Object(Config\Cache), false)
#11 C:\Xamp\htdocs\Inventario\index.php(37): CodeIgniter\CodeIgniter->run()
#12 {main}
