<<<<<<< HEAD
CRITICAL - 2022-06-28 19:14:37 --> The framework needs the following extension(s) installed and loaded: intl.
#0 C:\xampp\htdocs\inventario_desarrollo-main\system\CodeIgniter.php(219): CodeIgniter\Exceptions\FrameworkException::forMissingExtension('intl')
#1 C:\xampp\htdocs\inventario_desarrollo-main\system\CodeIgniter.php(177): CodeIgniter\CodeIgniter->resolvePlatformExtensions()
#2 C:\xampp\htdocs\inventario_desarrollo-main\system\bootstrap.php(146): CodeIgniter\CodeIgniter->initialize()
#3 C:\xampp\htdocs\inventario_desarrollo-main\index.php(28): require('C:\\xampp\\htdocs...')
#4 {main}
CRITICAL - 2022-06-28 19:24:50 --> The framework needs the following extension(s) installed and loaded: intl.
#0 C:\xampp\htdocs\inventario_desarrollo-main\system\CodeIgniter.php(219): CodeIgniter\Exceptions\FrameworkException::forMissingExtension('intl')
#1 C:\xampp\htdocs\inventario_desarrollo-main\system\CodeIgniter.php(177): CodeIgniter\CodeIgniter->resolvePlatformExtensions()
#2 C:\xampp\htdocs\inventario_desarrollo-main\system\bootstrap.php(146): CodeIgniter\CodeIgniter->initialize()
#3 C:\xampp\htdocs\inventario_desarrollo-main\index.php(28): require('C:\\xampp\\htdocs...')
#4 {main}
CRITICAL - 2022-06-28 19:24:50 --> The framework needs the following extension(s) installed and loaded: intl.
#0 C:\xampp\htdocs\inventario_desarrollo-main\system\CodeIgniter.php(219): CodeIgniter\Exceptions\FrameworkException::forMissingExtension('intl')
#1 C:\xampp\htdocs\inventario_desarrollo-main\system\CodeIgniter.php(177): CodeIgniter\CodeIgniter->resolvePlatformExtensions()
#2 C:\xampp\htdocs\inventario_desarrollo-main\system\bootstrap.php(146): CodeIgniter\CodeIgniter->initialize()
#3 C:\xampp\htdocs\inventario_desarrollo-main\index.php(28): require('C:\\xampp\\htdocs...')
#4 {main}
=======
CRITICAL - 2022-06-28 15:04:33 --> Invalid file: /Herramientas/start_aside_herramient.php
#0 C:\xampp\htdocs\inventario_desarrollo-main\system\View\View.php(198): CodeIgniter\Exceptions\FrameworkException::forInvalidFile('/Herramientas/s...')
#1 C:\xampp\htdocs\inventario_desarrollo-main\system\Common.php(1089): CodeIgniter\View\View->render('/Herramientas/s...', Array, true)
#2 C:\xampp\htdocs\inventario_desarrollo-main\app\Controllers\herramientasController.php(10): view('/Herramientas/s...')
#3 C:\xampp\htdocs\inventario_desarrollo-main\system\CodeIgniter.php(832): App\Controllers\herramientasController->herramientas()
#4 C:\xampp\htdocs\inventario_desarrollo-main\system\CodeIgniter.php(419): CodeIgniter\CodeIgniter->runController(Object(App\Controllers\herramientasController))
#5 C:\xampp\htdocs\inventario_desarrollo-main\system\CodeIgniter.php(326): CodeIgniter\CodeIgniter->handleRequest(NULL, Object(Config\Cache), false)
#6 C:\xampp\htdocs\inventario_desarrollo-main\index.php(37): CodeIgniter\CodeIgniter->run()
#7 {main}
CRITICAL - 2022-06-28 15:04:41 --> Invalid file: /Herramientas/start_aside_herramient.php
#0 C:\xampp\htdocs\inventario_desarrollo-main\system\View\View.php(198): CodeIgniter\Exceptions\FrameworkException::forInvalidFile('/Herramientas/s...')
#1 C:\xampp\htdocs\inventario_desarrollo-main\system\Common.php(1089): CodeIgniter\View\View->render('/Herramientas/s...', Array, true)
#2 C:\xampp\htdocs\inventario_desarrollo-main\app\Controllers\herramientasController.php(10): view('/Herramientas/s...')
#3 C:\xampp\htdocs\inventario_desarrollo-main\system\CodeIgniter.php(832): App\Controllers\herramientasController->herramientas()
#4 C:\xampp\htdocs\inventario_desarrollo-main\system\CodeIgniter.php(419): CodeIgniter\CodeIgniter->runController(Object(App\Controllers\herramientasController))
#5 C:\xampp\htdocs\inventario_desarrollo-main\system\CodeIgniter.php(326): CodeIgniter\CodeIgniter->handleRequest(NULL, Object(Config\Cache), false)
#6 C:\xampp\htdocs\inventario_desarrollo-main\index.php(37): CodeIgniter\CodeIgniter->run()
#7 {main}
CRITICAL - 2022-06-28 15:04:50 --> Invalid file: /Herramientas/start_aside_herramient.php
#0 C:\xampp\htdocs\inventario_desarrollo-main\system\View\View.php(198): CodeIgniter\Exceptions\FrameworkException::forInvalidFile('/Herramientas/s...')
#1 C:\xampp\htdocs\inventario_desarrollo-main\system\Common.php(1089): CodeIgniter\View\View->render('/Herramientas/s...', Array, true)
#2 C:\xampp\htdocs\inventario_desarrollo-main\app\Controllers\herramientasController.php(10): view('/Herramientas/s...')
#3 C:\xampp\htdocs\inventario_desarrollo-main\system\CodeIgniter.php(832): App\Controllers\herramientasController->herramientas()
#4 C:\xampp\htdocs\inventario_desarrollo-main\system\CodeIgniter.php(419): CodeIgniter\CodeIgniter->runController(Object(App\Controllers\herramientasController))
#5 C:\xampp\htdocs\inventario_desarrollo-main\system\CodeIgniter.php(326): CodeIgniter\CodeIgniter->handleRequest(NULL, Object(Config\Cache), false)
#6 C:\xampp\htdocs\inventario_desarrollo-main\index.php(37): CodeIgniter\CodeIgniter->run()
#7 {main}
>>>>>>> 67d8a7b66a39fe11c8b7d188ab2bf6e89c98f086
