CRITICAL - 2022-06-25 15:30:48 --> syntax error, unexpected variable "$routes"
#0 C:\xampp\htdocs\inventario_desarrollo-main\system\CodeIgniter.php(368): CodeIgniter\CodeIgniter->tryToRouteIt(NULL)
#1 C:\xampp\htdocs\inventario_desarrollo-main\system\CodeIgniter.php(326): CodeIgniter\CodeIgniter->handleRequest(NULL, Object(Config\Cache), false)
#2 C:\xampp\htdocs\inventario_desarrollo-main\index.php(37): CodeIgniter\CodeIgniter->run()
#3 {main}
CRITICAL - 2022-06-25 15:30:49 --> syntax error, unexpected variable "$routes"
#0 C:\xampp\htdocs\inventario_desarrollo-main\system\CodeIgniter.php(368): CodeIgniter\CodeIgniter->tryToRouteIt(NULL)
#1 C:\xampp\htdocs\inventario_desarrollo-main\system\CodeIgniter.php(326): CodeIgniter\CodeIgniter->handleRequest(NULL, Object(Config\Cache), false)
#2 C:\xampp\htdocs\inventario_desarrollo-main\index.php(37): CodeIgniter\CodeIgniter->run()
#3 {main}
CRITICAL - 2022-06-25 15:30:52 --> syntax error, unexpected variable "$routes"
#0 C:\xampp\htdocs\inventario_desarrollo-main\system\CodeIgniter.php(368): CodeIgniter\CodeIgniter->tryToRouteIt(NULL)
#1 C:\xampp\htdocs\inventario_desarrollo-main\system\CodeIgniter.php(326): CodeIgniter\CodeIgniter->handleRequest(NULL, Object(Config\Cache), false)
#2 C:\xampp\htdocs\inventario_desarrollo-main\index.php(37): CodeIgniter\CodeIgniter->run()
#3 {main}
CRITICAL - 2022-06-25 15:30:53 --> syntax error, unexpected variable "$routes"
#0 C:\xampp\htdocs\inventario_desarrollo-main\system\CodeIgniter.php(368): CodeIgniter\CodeIgniter->tryToRouteIt(NULL)
#1 C:\xampp\htdocs\inventario_desarrollo-main\system\CodeIgniter.php(326): CodeIgniter\CodeIgniter->handleRequest(NULL, Object(Config\Cache), false)
#2 C:\xampp\htdocs\inventario_desarrollo-main\index.php(37): CodeIgniter\CodeIgniter->run()
#3 {main}
CRITICAL - 2022-06-25 15:30:56 --> syntax error, unexpected variable "$routes"
#0 C:\xampp\htdocs\inventario_desarrollo-main\system\CodeIgniter.php(368): CodeIgniter\CodeIgniter->tryToRouteIt(NULL)
#1 C:\xampp\htdocs\inventario_desarrollo-main\system\CodeIgniter.php(326): CodeIgniter\CodeIgniter->handleRequest(NULL, Object(Config\Cache), false)
#2 C:\xampp\htdocs\inventario_desarrollo-main\index.php(37): CodeIgniter\CodeIgniter->run()
#3 {main}
CRITICAL - 2022-06-25 15:31:10 --> syntax error, unexpected variable "$routes"
#0 C:\xampp\htdocs\inventario_desarrollo-main\system\CodeIgniter.php(368): CodeIgniter\CodeIgniter->tryToRouteIt(NULL)
#1 C:\xampp\htdocs\inventario_desarrollo-main\system\CodeIgniter.php(326): CodeIgniter\CodeIgniter->handleRequest(NULL, Object(Config\Cache), false)
#2 C:\xampp\htdocs\inventario_desarrollo-main\index.php(37): CodeIgniter\CodeIgniter->run()
#3 {main}
CRITICAL - 2022-06-25 15:32:06 --> syntax error, unexpected token "if"
#0 C:\xampp\htdocs\inventario_desarrollo-main\system\CodeIgniter.php(368): CodeIgniter\CodeIgniter->tryToRouteIt(NULL)
#1 C:\xampp\htdocs\inventario_desarrollo-main\system\CodeIgniter.php(326): CodeIgniter\CodeIgniter->handleRequest(NULL, Object(Config\Cache), false)
#2 C:\xampp\htdocs\inventario_desarrollo-main\index.php(37): CodeIgniter\CodeIgniter->run()
#3 {main}
