CRITICAL - 2022-06-01 12:30:00 --> Class 'App\Models\UserModel' not found
#0 C:\Xamp\htdocs\Inventario\system\CodeIgniter.php(832): App\Controllers\SigninController->loginAuth()
#1 C:\Xamp\htdocs\Inventario\system\CodeIgniter.php(419): CodeIgniter\CodeIgniter->runController(Object(App\Controllers\SigninController))
#2 C:\Xamp\htdocs\Inventario\system\CodeIgniter.php(326): CodeIgniter\CodeIgniter->handleRequest(NULL, Object(Config\Cache), false)
#3 C:\Xamp\htdocs\Inventario\index.php(37): CodeIgniter\CodeIgniter->run()
#4 {main}
CRITICAL - 2022-06-01 12:30:17 --> Class 'App\Models\UserModel' not found
#0 C:\Xamp\htdocs\Inventario\system\CodeIgniter.php(832): App\Controllers\SigninController->loginAuth()
#1 C:\Xamp\htdocs\Inventario\system\CodeIgniter.php(419): CodeIgniter\CodeIgniter->runController(Object(App\Controllers\SigninController))
#2 C:\Xamp\htdocs\Inventario\system\CodeIgniter.php(326): CodeIgniter\CodeIgniter->handleRequest(NULL, Object(Config\Cache), false)
#3 C:\Xamp\htdocs\Inventario\index.php(37): CodeIgniter\CodeIgniter->run()
#4 {main}
CRITICAL - 2022-06-01 12:31:18 --> Class 'UserModel' not found
#0 C:\Xamp\htdocs\Inventario\system\CodeIgniter.php(832): App\Controllers\SigninController->loginAuth()
#1 C:\Xamp\htdocs\Inventario\system\CodeIgniter.php(419): CodeIgniter\CodeIgniter->runController(Object(App\Controllers\SigninController))
#2 C:\Xamp\htdocs\Inventario\system\CodeIgniter.php(326): CodeIgniter\CodeIgniter->handleRequest(NULL, Object(Config\Cache), false)
#3 C:\Xamp\htdocs\Inventario\index.php(37): CodeIgniter\CodeIgniter->run()
#4 {main}
CRITICAL - 2022-06-01 12:34:14 --> Call to undefined function set_value()
#0 C:\Xamp\htdocs\Inventario\system\View\View.php(210): include()
#1 C:\Xamp\htdocs\Inventario\system\View\View.php(213): CodeIgniter\View\View->CodeIgniter\View\{closure}()
#2 C:\Xamp\htdocs\Inventario\system\Common.php(1089): CodeIgniter\View\View->render('login/login', Array, true)
#3 C:\Xamp\htdocs\Inventario\app\Controllers\Home.php(9): view('login/login')
#4 C:\Xamp\htdocs\Inventario\system\CodeIgniter.php(832): App\Controllers\Home->index()
#5 C:\Xamp\htdocs\Inventario\system\CodeIgniter.php(419): CodeIgniter\CodeIgniter->runController(Object(App\Controllers\Home))
#6 C:\Xamp\htdocs\Inventario\system\CodeIgniter.php(326): CodeIgniter\CodeIgniter->handleRequest(NULL, Object(Config\Cache), false)
#7 C:\Xamp\htdocs\Inventario\index.php(37): CodeIgniter\CodeIgniter->run()
#8 {main}
CRITICAL - 2022-06-01 12:38:44 --> Invalid file: signin.php
#0 C:\Xamp\htdocs\Inventario\system\View\View.php(198): CodeIgniter\Exceptions\FrameworkException::forInvalidFile('signin.php')
#1 C:\Xamp\htdocs\Inventario\system\Common.php(1089): CodeIgniter\View\View->render('signin', Array, true)
#2 C:\Xamp\htdocs\Inventario\app\Controllers\SigninController.php(11): view('signin')
#3 C:\Xamp\htdocs\Inventario\system\CodeIgniter.php(832): App\Controllers\SigninController->index()
#4 C:\Xamp\htdocs\Inventario\system\CodeIgniter.php(419): CodeIgniter\CodeIgniter->runController(Object(App\Controllers\SigninController))
#5 C:\Xamp\htdocs\Inventario\system\CodeIgniter.php(326): CodeIgniter\CodeIgniter->handleRequest(NULL, Object(Config\Cache), false)
#6 C:\Xamp\htdocs\Inventario\index.php(37): CodeIgniter\CodeIgniter->run()
#7 {main}
CRITICAL - 2022-06-01 12:38:58 --> syntax error, unexpected '{', expecting ';'
#0 C:\Xamp\htdocs\Inventario\system\Router\Router.php(175): CodeIgniter\Router\Router->autoRoute('login')
#1 C:\Xamp\htdocs\Inventario\system\CodeIgniter.php(726): CodeIgniter\Router\Router->handle('login')
#2 C:\Xamp\htdocs\Inventario\system\CodeIgniter.php(368): CodeIgniter\CodeIgniter->tryToRouteIt(Object(CodeIgniter\Router\RouteCollection))
#3 C:\Xamp\htdocs\Inventario\system\CodeIgniter.php(326): CodeIgniter\CodeIgniter->handleRequest(NULL, Object(Config\Cache), false)
#4 C:\Xamp\htdocs\Inventario\index.php(37): CodeIgniter\CodeIgniter->run()
#5 {main}
CRITICAL - 2022-06-01 12:39:07 --> Invalid file: signin.php
#0 C:\Xamp\htdocs\Inventario\system\View\View.php(198): CodeIgniter\Exceptions\FrameworkException::forInvalidFile('signin.php')
#1 C:\Xamp\htdocs\Inventario\system\Common.php(1089): CodeIgniter\View\View->render('signin', Array, true)
#2 C:\Xamp\htdocs\Inventario\app\Controllers\SigninController.php(11): view('signin')
#3 C:\Xamp\htdocs\Inventario\system\CodeIgniter.php(832): App\Controllers\SigninController->index()
#4 C:\Xamp\htdocs\Inventario\system\CodeIgniter.php(419): CodeIgniter\CodeIgniter->runController(Object(App\Controllers\SigninController))
#5 C:\Xamp\htdocs\Inventario\system\CodeIgniter.php(326): CodeIgniter\CodeIgniter->handleRequest(NULL, Object(Config\Cache), false)
#6 C:\Xamp\htdocs\Inventario\index.php(37): CodeIgniter\CodeIgniter->run()
#7 {main}
CRITICAL - 2022-06-01 12:40:56 --> Invalid file: signin.php
#0 C:\Xamp\htdocs\Inventario\system\View\View.php(198): CodeIgniter\Exceptions\FrameworkException::forInvalidFile('signin.php')
#1 C:\Xamp\htdocs\Inventario\system\Common.php(1089): CodeIgniter\View\View->render('signin', Array, true)
#2 C:\Xamp\htdocs\Inventario\app\Controllers\SigninController.php(11): view('signin')
#3 C:\Xamp\htdocs\Inventario\system\CodeIgniter.php(832): App\Controllers\SigninController->index()
#4 C:\Xamp\htdocs\Inventario\system\CodeIgniter.php(419): CodeIgniter\CodeIgniter->runController(Object(App\Controllers\SigninController))
#5 C:\Xamp\htdocs\Inventario\system\CodeIgniter.php(326): CodeIgniter\CodeIgniter->handleRequest(NULL, Object(Config\Cache), false)
#6 C:\Xamp\htdocs\Inventario\index.php(37): CodeIgniter\CodeIgniter->run()
#7 {main}
CRITICAL - 2022-06-01 12:41:51 --> Invalid file: signin.php
#0 C:\Xamp\htdocs\Inventario\system\View\View.php(198): CodeIgniter\Exceptions\FrameworkException::forInvalidFile('signin.php')
#1 C:\Xamp\htdocs\Inventario\system\Common.php(1089): CodeIgniter\View\View->render('signin', Array, true)
#2 C:\Xamp\htdocs\Inventario\app\Controllers\SigninController.php(11): view('signin')
#3 C:\Xamp\htdocs\Inventario\system\CodeIgniter.php(832): App\Controllers\SigninController->index()
#4 C:\Xamp\htdocs\Inventario\system\CodeIgniter.php(419): CodeIgniter\CodeIgniter->runController(Object(App\Controllers\SigninController))
#5 C:\Xamp\htdocs\Inventario\system\CodeIgniter.php(326): CodeIgniter\CodeIgniter->handleRequest(NULL, Object(Config\Cache), false)
#6 C:\Xamp\htdocs\Inventario\index.php(37): CodeIgniter\CodeIgniter->run()
#7 {main}
CRITICAL - 2022-06-01 12:41:58 --> syntax error, unexpected '{', expecting ';'
#0 C:\Xamp\htdocs\Inventario\system\Router\Router.php(175): CodeIgniter\Router\Router->autoRoute('login')
#1 C:\Xamp\htdocs\Inventario\system\CodeIgniter.php(726): CodeIgniter\Router\Router->handle('login')
#2 C:\Xamp\htdocs\Inventario\system\CodeIgniter.php(368): CodeIgniter\CodeIgniter->tryToRouteIt(Object(CodeIgniter\Router\RouteCollection))
#3 C:\Xamp\htdocs\Inventario\system\CodeIgniter.php(326): CodeIgniter\CodeIgniter->handleRequest(NULL, Object(Config\Cache), false)
#4 C:\Xamp\htdocs\Inventario\index.php(37): CodeIgniter\CodeIgniter->run()
#5 {main}
CRITICAL - 2022-06-01 12:42:26 --> syntax error, unexpected '}', expecting end of file
#0 C:\Xamp\htdocs\Inventario\system\Router\Router.php(175): CodeIgniter\Router\Router->autoRoute('login')
#1 C:\Xamp\htdocs\Inventario\system\CodeIgniter.php(726): CodeIgniter\Router\Router->handle('login')
#2 C:\Xamp\htdocs\Inventario\system\CodeIgniter.php(368): CodeIgniter\CodeIgniter->tryToRouteIt(Object(CodeIgniter\Router\RouteCollection))
#3 C:\Xamp\htdocs\Inventario\system\CodeIgniter.php(326): CodeIgniter\CodeIgniter->handleRequest(NULL, Object(Config\Cache), false)
#4 C:\Xamp\htdocs\Inventario\index.php(37): CodeIgniter\CodeIgniter->run()
#5 {main}
CRITICAL - 2022-06-01 12:45:46 --> Invalid file: signin.php
#0 C:\Xamp\htdocs\Inventario\system\View\View.php(198): CodeIgniter\Exceptions\FrameworkException::forInvalidFile('signin.php')
#1 C:\Xamp\htdocs\Inventario\system\Common.php(1089): CodeIgniter\View\View->render('signin', Array, true)
#2 C:\Xamp\htdocs\Inventario\app\Controllers\SigninController.php(11): view('signin')
#3 C:\Xamp\htdocs\Inventario\system\CodeIgniter.php(832): App\Controllers\SigninController->index()
#4 C:\Xamp\htdocs\Inventario\system\CodeIgniter.php(419): CodeIgniter\CodeIgniter->runController(Object(App\Controllers\SigninController))
#5 C:\Xamp\htdocs\Inventario\system\CodeIgniter.php(326): CodeIgniter\CodeIgniter->handleRequest(NULL, Object(Config\Cache), false)
#6 C:\Xamp\htdocs\Inventario\index.php(37): CodeIgniter\CodeIgniter->run()
#7 {main}
CRITICAL - 2022-06-01 12:45:52 --> Invalid file: signin.php
#0 C:\Xamp\htdocs\Inventario\system\View\View.php(198): CodeIgniter\Exceptions\FrameworkException::forInvalidFile('signin.php')
#1 C:\Xamp\htdocs\Inventario\system\Common.php(1089): CodeIgniter\View\View->render('signin', Array, true)
#2 C:\Xamp\htdocs\Inventario\app\Controllers\SigninController.php(11): view('signin')
#3 C:\Xamp\htdocs\Inventario\system\CodeIgniter.php(832): App\Controllers\SigninController->index()
#4 C:\Xamp\htdocs\Inventario\system\CodeIgniter.php(419): CodeIgniter\CodeIgniter->runController(Object(App\Controllers\SigninController))
#5 C:\Xamp\htdocs\Inventario\system\CodeIgniter.php(326): CodeIgniter\CodeIgniter->handleRequest(NULL, Object(Config\Cache), false)
#6 C:\Xamp\htdocs\Inventario\index.php(37): CodeIgniter\CodeIgniter->run()
#7 {main}
CRITICAL - 2022-06-01 12:46:01 --> Invalid file: signin.php
#0 C:\Xamp\htdocs\Inventario\system\View\View.php(198): CodeIgniter\Exceptions\FrameworkException::forInvalidFile('signin.php')
#1 C:\Xamp\htdocs\Inventario\system\Common.php(1089): CodeIgniter\View\View->render('signin', Array, true)
#2 C:\Xamp\htdocs\Inventario\app\Controllers\SigninController.php(11): view('signin')
#3 C:\Xamp\htdocs\Inventario\system\CodeIgniter.php(832): App\Controllers\SigninController->index()
#4 C:\Xamp\htdocs\Inventario\system\CodeIgniter.php(419): CodeIgniter\CodeIgniter->runController(Object(App\Controllers\SigninController))
#5 C:\Xamp\htdocs\Inventario\system\CodeIgniter.php(326): CodeIgniter\CodeIgniter->handleRequest(NULL, Object(Config\Cache), false)
#6 C:\Xamp\htdocs\Inventario\index.php(37): CodeIgniter\CodeIgniter->run()
#7 {main}
CRITICAL - 2022-06-01 12:46:17 --> Invalid file: login.php
#0 C:\Xamp\htdocs\Inventario\system\View\View.php(198): CodeIgniter\Exceptions\FrameworkException::forInvalidFile('login.php')
#1 C:\Xamp\htdocs\Inventario\system\Common.php(1089): CodeIgniter\View\View->render('login', Array, true)
#2 C:\Xamp\htdocs\Inventario\app\Controllers\SigninController.php(11): view('login')
#3 C:\Xamp\htdocs\Inventario\system\CodeIgniter.php(832): App\Controllers\SigninController->index()
#4 C:\Xamp\htdocs\Inventario\system\CodeIgniter.php(419): CodeIgniter\CodeIgniter->runController(Object(App\Controllers\SigninController))
#5 C:\Xamp\htdocs\Inventario\system\CodeIgniter.php(326): CodeIgniter\CodeIgniter->handleRequest(NULL, Object(Config\Cache), false)
#6 C:\Xamp\htdocs\Inventario\index.php(37): CodeIgniter\CodeIgniter->run()
#7 {main}
CRITICAL - 2022-06-01 12:46:18 --> Invalid file: login.php
#0 C:\Xamp\htdocs\Inventario\system\View\View.php(198): CodeIgniter\Exceptions\FrameworkException::forInvalidFile('login.php')
#1 C:\Xamp\htdocs\Inventario\system\Common.php(1089): CodeIgniter\View\View->render('login', Array, true)
#2 C:\Xamp\htdocs\Inventario\app\Controllers\SigninController.php(11): view('login')
#3 C:\Xamp\htdocs\Inventario\system\CodeIgniter.php(832): App\Controllers\SigninController->index()
#4 C:\Xamp\htdocs\Inventario\system\CodeIgniter.php(419): CodeIgniter\CodeIgniter->runController(Object(App\Controllers\SigninController))
#5 C:\Xamp\htdocs\Inventario\system\CodeIgniter.php(326): CodeIgniter\CodeIgniter->handleRequest(NULL, Object(Config\Cache), false)
#6 C:\Xamp\htdocs\Inventario\index.php(37): CodeIgniter\CodeIgniter->run()
#7 {main}
