<<<<<<< HEAD
CRITICAL - 2022-07-05 12:08:52 --> Undefined variable: totalTime
#0 C:\laragon\www\inventario_desarrollo-main\system\Debug\Toolbar\Views\toolbar.tpl.php(40): CodeIgniter\Debug\Exceptions->errorHandler(8, 'Undefined varia...', 'C:\\laragon\\www\\...', 40, Array)
#1 C:\laragon\www\inventario_desarrollo-main\system\Debug\Toolbar.php(501): include('C:\\laragon\\www\\...')
#2 C:\laragon\www\inventario_desarrollo-main\system\Debug\Toolbar.php(464): CodeIgniter\Debug\Toolbar->format(Array, 'html')
#3 C:\laragon\www\inventario_desarrollo-main\app\Config\Events.php(48): CodeIgniter\Debug\Toolbar->respond()
#4 C:\laragon\www\inventario_desarrollo-main\system\Events\Events.php(149): CodeIgniter\Events\Events::Config\{closure}()
#5 C:\laragon\www\inventario_desarrollo-main\system\CodeIgniter.php(308): CodeIgniter\Events\Events::trigger('pre_system')
#6 C:\laragon\www\inventario_desarrollo-main\index.php(37): CodeIgniter\CodeIgniter->run()
#7 {main}
ERROR - 2022-07-05 12:31:29 --> Error connecting to the database: Unknown database 'sistema_inventario'
CRITICAL - 2022-07-05 12:31:29 --> Unable to connect to the database.
Main connection [MySQLi]: Unknown database 'sistema_inventario'
#0 C:\laragon\www\inventario_desarrollo-main\system\Database\BaseConnection.php(577): CodeIgniter\Database\BaseConnection->initialize()
#1 C:\laragon\www\inventario_desarrollo-main\system\Database\BaseBuilder.php(1455): CodeIgniter\Database\BaseConnection->query('SELECT *\nFROM `...', Array, false)
#2 C:\laragon\www\inventario_desarrollo-main\system\Model.php(210): CodeIgniter\Database\BaseBuilder->get()
#3 C:\laragon\www\inventario_desarrollo-main\system\BaseModel.php(622): CodeIgniter\Model->doFirst()
#4 C:\laragon\www\inventario_desarrollo-main\app\Controllers\SigninController.php(21): CodeIgniter\BaseModel->first()
#5 C:\laragon\www\inventario_desarrollo-main\system\CodeIgniter.php(832): App\Controllers\SigninController->loginAuth()
#6 C:\laragon\www\inventario_desarrollo-main\system\CodeIgniter.php(419): CodeIgniter\CodeIgniter->runController(Object(App\Controllers\SigninController))
#7 C:\laragon\www\inventario_desarrollo-main\system\CodeIgniter.php(326): CodeIgniter\CodeIgniter->handleRequest(NULL, Object(Config\Cache), false)
#8 C:\laragon\www\inventario_desarrollo-main\index.php(37): CodeIgniter\CodeIgniter->run()
#9 {main}
=======
CRITICAL - 2022-07-05 07:15:16 --> Invalid file: Productos/crud_prductos.php
#0 C:\xampp\htdocs\inventario_desarrollo-main\system\View\View.php(198): CodeIgniter\Exceptions\FrameworkException::forInvalidFile('Productos/crud_...')
#1 C:\xampp\htdocs\inventario_desarrollo-main\system\Common.php(1089): CodeIgniter\View\View->render('Productos/crud_...', Array, true)
#2 C:\xampp\htdocs\inventario_desarrollo-main\app\Controllers\productoController.php(21): view('Productos/crud_...')
#3 C:\xampp\htdocs\inventario_desarrollo-main\system\CodeIgniter.php(832): App\Controllers\productoController->productos()
#4 C:\xampp\htdocs\inventario_desarrollo-main\system\CodeIgniter.php(419): CodeIgniter\CodeIgniter->runController(Object(App\Controllers\productoController))
#5 C:\xampp\htdocs\inventario_desarrollo-main\system\CodeIgniter.php(326): CodeIgniter\CodeIgniter->handleRequest(NULL, Object(Config\Cache), false)
#6 C:\xampp\htdocs\inventario_desarrollo-main\index.php(37): CodeIgniter\CodeIgniter->run()
#7 {main}
CRITICAL - 2022-07-05 07:15:21 --> Invalid file: Productos/crud_prductos.php
#0 C:\xampp\htdocs\inventario_desarrollo-main\system\View\View.php(198): CodeIgniter\Exceptions\FrameworkException::forInvalidFile('Productos/crud_...')
#1 C:\xampp\htdocs\inventario_desarrollo-main\system\Common.php(1089): CodeIgniter\View\View->render('Productos/crud_...', Array, true)
#2 C:\xampp\htdocs\inventario_desarrollo-main\app\Controllers\productoController.php(21): view('Productos/crud_...')
#3 C:\xampp\htdocs\inventario_desarrollo-main\system\CodeIgniter.php(832): App\Controllers\productoController->productos()
#4 C:\xampp\htdocs\inventario_desarrollo-main\system\CodeIgniter.php(419): CodeIgniter\CodeIgniter->runController(Object(App\Controllers\productoController))
#5 C:\xampp\htdocs\inventario_desarrollo-main\system\CodeIgniter.php(326): CodeIgniter\CodeIgniter->handleRequest(NULL, Object(Config\Cache), false)
#6 C:\xampp\htdocs\inventario_desarrollo-main\index.php(37): CodeIgniter\CodeIgniter->run()
#7 {main}
CRITICAL - 2022-07-05 07:15:25 --> Invalid file: Productos/crud_prductos.php
#0 C:\xampp\htdocs\inventario_desarrollo-main\system\View\View.php(198): CodeIgniter\Exceptions\FrameworkException::forInvalidFile('Productos/crud_...')
#1 C:\xampp\htdocs\inventario_desarrollo-main\system\Common.php(1089): CodeIgniter\View\View->render('Productos/crud_...', Array, true)
#2 C:\xampp\htdocs\inventario_desarrollo-main\app\Controllers\productoController.php(21): view('Productos/crud_...')
#3 C:\xampp\htdocs\inventario_desarrollo-main\system\CodeIgniter.php(832): App\Controllers\productoController->productos()
#4 C:\xampp\htdocs\inventario_desarrollo-main\system\CodeIgniter.php(419): CodeIgniter\CodeIgniter->runController(Object(App\Controllers\productoController))
#5 C:\xampp\htdocs\inventario_desarrollo-main\system\CodeIgniter.php(326): CodeIgniter\CodeIgniter->handleRequest(NULL, Object(Config\Cache), false)
#6 C:\xampp\htdocs\inventario_desarrollo-main\index.php(37): CodeIgniter\CodeIgniter->run()
#7 {main}
CRITICAL - 2022-07-05 07:17:27 --> Invalid file: Proyecto/crud_proyectos.php
#0 C:\xampp\htdocs\inventario_desarrollo-main\system\View\View.php(198): CodeIgniter\Exceptions\FrameworkException::forInvalidFile('Proyecto/crud_p...')
#1 C:\xampp\htdocs\inventario_desarrollo-main\system\Common.php(1089): CodeIgniter\View\View->render('Proyecto/crud_p...', Array, true)
#2 C:\xampp\htdocs\inventario_desarrollo-main\app\Controllers\proyectoController.php(14): view('Proyecto/crud_p...')
#3 C:\xampp\htdocs\inventario_desarrollo-main\system\CodeIgniter.php(832): App\Controllers\proyectoController->proyectos()
#4 C:\xampp\htdocs\inventario_desarrollo-main\system\CodeIgniter.php(419): CodeIgniter\CodeIgniter->runController(Object(App\Controllers\proyectoController))
#5 C:\xampp\htdocs\inventario_desarrollo-main\system\CodeIgniter.php(326): CodeIgniter\CodeIgniter->handleRequest(NULL, Object(Config\Cache), false)
#6 C:\xampp\htdocs\inventario_desarrollo-main\index.php(37): CodeIgniter\CodeIgniter->run()
#7 {main}
>>>>>>> 67d8a7b66a39fe11c8b7d188ab2bf6e89c98f086
