CRITICAL - 2022-07-06 12:31:55 --> Undefined variable $herramientas
#0 C:\xampp\htdocs\inventario_desarrollo-main\app\Views\Herramientas\crud_herramientas.php(17): CodeIgniter\Debug\Exceptions->errorHandler(2, 'Undefined varia...', 'C:\\xampp\\htdocs...', 17)
#1 C:\xampp\htdocs\inventario_desarrollo-main\system\View\View.php(210): include('C:\\xampp\\htdocs...')
#2 C:\xampp\htdocs\inventario_desarrollo-main\system\View\View.php(213): CodeIgniter\View\View->CodeIgniter\View\{closure}()
#3 C:\xampp\htdocs\inventario_desarrollo-main\system\Common.php(1089): CodeIgniter\View\View->render('/Herramientas/c...', Array, true)
#4 C:\xampp\htdocs\inventario_desarrollo-main\app\Controllers\herramientasController.php(14): view('/Herramientas/c...')
#5 C:\xampp\htdocs\inventario_desarrollo-main\system\CodeIgniter.php(832): App\Controllers\herramientasController->herramientas()
#6 C:\xampp\htdocs\inventario_desarrollo-main\system\CodeIgniter.php(419): CodeIgniter\CodeIgniter->runController(Object(App\Controllers\herramientasController))
#7 C:\xampp\htdocs\inventario_desarrollo-main\system\CodeIgniter.php(326): CodeIgniter\CodeIgniter->handleRequest(NULL, Object(Config\Cache), false)
#8 C:\xampp\htdocs\inventario_desarrollo-main\index.php(37): CodeIgniter\CodeIgniter->run()
#9 {main}
CRITICAL - 2022-07-06 12:32:01 --> Undefined variable $herramientas
#0 C:\xampp\htdocs\inventario_desarrollo-main\app\Views\Herramientas\crud_herramientas.php(17): CodeIgniter\Debug\Exceptions->errorHandler(2, 'Undefined varia...', 'C:\\xampp\\htdocs...', 17)
#1 C:\xampp\htdocs\inventario_desarrollo-main\system\View\View.php(210): include('C:\\xampp\\htdocs...')
#2 C:\xampp\htdocs\inventario_desarrollo-main\system\View\View.php(213): CodeIgniter\View\View->CodeIgniter\View\{closure}()
#3 C:\xampp\htdocs\inventario_desarrollo-main\system\Common.php(1089): CodeIgniter\View\View->render('/Herramientas/c...', Array, true)
#4 C:\xampp\htdocs\inventario_desarrollo-main\app\Controllers\herramientasController.php(14): view('/Herramientas/c...')
#5 C:\xampp\htdocs\inventario_desarrollo-main\system\CodeIgniter.php(832): App\Controllers\herramientasController->herramientas()
#6 C:\xampp\htdocs\inventario_desarrollo-main\system\CodeIgniter.php(419): CodeIgniter\CodeIgniter->runController(Object(App\Controllers\herramientasController))
#7 C:\xampp\htdocs\inventario_desarrollo-main\system\CodeIgniter.php(326): CodeIgniter\CodeIgniter->handleRequest(NULL, Object(Config\Cache), false)
#8 C:\xampp\htdocs\inventario_desarrollo-main\index.php(37): CodeIgniter\CodeIgniter->run()
#9 {main}
CRITICAL - 2022-07-06 12:44:17 --> Class "App\Models\herramienta" not found
#0 C:\xampp\htdocs\inventario_desarrollo-main\system\CodeIgniter.php(832): App\Controllers\herramientasController->herramientas()
#1 C:\xampp\htdocs\inventario_desarrollo-main\system\CodeIgniter.php(419): CodeIgniter\CodeIgniter->runController(Object(App\Controllers\herramientasController))
#2 C:\xampp\htdocs\inventario_desarrollo-main\system\CodeIgniter.php(326): CodeIgniter\CodeIgniter->handleRequest(NULL, Object(Config\Cache), false)
#3 C:\xampp\htdocs\inventario_desarrollo-main\index.php(37): CodeIgniter\CodeIgniter->run()
#4 {main}
CRITICAL - 2022-07-06 12:52:04 --> Call to a member function getRandomName() on string
#0 C:\xampp\htdocs\inventario_desarrollo-main\system\CodeIgniter.php(832): App\Controllers\productoController->guardar()
#1 C:\xampp\htdocs\inventario_desarrollo-main\system\CodeIgniter.php(419): CodeIgniter\CodeIgniter->runController(Object(App\Controllers\productoController))
#2 C:\xampp\htdocs\inventario_desarrollo-main\system\CodeIgniter.php(326): CodeIgniter\CodeIgniter->handleRequest(NULL, Object(Config\Cache), false)
#3 C:\xampp\htdocs\inventario_desarrollo-main\index.php(37): CodeIgniter\CodeIgniter->run()
#4 {main}
CRITICAL - 2022-07-06 17:32:39 --> Class "App\Models\herramienta" not found
#0 C:\xampp\htdocs\inventario_desarrollo-main\system\CodeIgniter.php(832): App\Controllers\herramientasController->herramientas()
#1 C:\xampp\htdocs\inventario_desarrollo-main\system\CodeIgniter.php(419): CodeIgniter\CodeIgniter->runController(Object(App\Controllers\herramientasController))
#2 C:\xampp\htdocs\inventario_desarrollo-main\system\CodeIgniter.php(326): CodeIgniter\CodeIgniter->handleRequest(NULL, Object(Config\Cache), false)
#3 C:\xampp\htdocs\inventario_desarrollo-main\index.php(37): CodeIgniter\CodeIgniter->run()
#4 {main}
CRITICAL - 2022-07-06 18:25:24 --> Call to a member function getRandomName() on string
#0 C:\xampp\htdocs\inventario_desarrollo-main\system\CodeIgniter.php(832): App\Controllers\productoController->guardar()
#1 C:\xampp\htdocs\inventario_desarrollo-main\system\CodeIgniter.php(419): CodeIgniter\CodeIgniter->runController(Object(App\Controllers\productoController))
#2 C:\xampp\htdocs\inventario_desarrollo-main\system\CodeIgniter.php(326): CodeIgniter\CodeIgniter->handleRequest(NULL, Object(Config\Cache), false)
#3 C:\xampp\htdocs\inventario_desarrollo-main\index.php(37): CodeIgniter\CodeIgniter->run()
#4 {main}
